<?xml version="1.0" encoding="UTF-8"?>
<!-- Generated by org.testng.reporters.JUnitReportReporter -->
<testsuite hostname="DESKTOP-AJ3PD1C" failures="0" tests="1" name="com.cucumber.TestRunner.SearchQuestionRunner" time="22.278" errors="0" timestamp="10 Feb 2024 14:49:52 GMT">
  <testcase classname="com.cucumber.TestRunner.SearchQuestionRunner" name="feature" time="22.278"/>
</testsuite> <!-- com.cucumber.TestRunner.SearchQuestionRunner -->
