<?xml version="1.0" encoding="UTF-8"?>
<!-- Generated by org.testng.reporters.JUnitReportReporter -->
<testsuite hostname="DESKTOP-AJ3PD1C" failures="0" tests="1" name="com.cucumber.TestRunner.UserDashboardRecentCertificateGenerationsCertificateTypedropdownRunner" time="17.592" errors="0" timestamp="30 Jan 2024 07:13:53 GMT">
  <testcase classname="com.cucumber.TestRunner.UserDashboardRecentCertificateGenerationsCertificateTypedropdownRunner" name="feature" time="17.592"/>
</testsuite> <!-- com.cucumber.TestRunner.UserDashboardRecentCertificateGenerationsCertificateTypedropdownRunner -->
