<?xml version="1.0" encoding="UTF-8"?>
<!-- Generated by org.testng.reporters.JUnitReportReporter -->
<testsuite hostname="DESKTOP-AJ3PD1C" failures="0" tests="1" name="com.cucumber.TestRunner.CreateQuestionRunner" time="25.465" errors="0" timestamp="23 Feb 2024 12:40:10 GMT">
  <testcase classname="com.cucumber.TestRunner.CreateQuestionRunner" name="feature" time="25.465"/>
</testsuite> <!-- com.cucumber.TestRunner.CreateQuestionRunner -->
