<?xml version="1.0" encoding="UTF-8"?>
<!-- Generated by org.testng.reporters.JUnitReportReporter -->
<testsuite hostname="DESKTOP-AJ3PD1C" failures="0" tests="1" name="com.cucumber.TestRunner.LoginRunner" time="11.263" errors="0" timestamp="30 Jan 2024 17:45:41 GMT">
  <testcase classname="com.cucumber.TestRunner.LoginRunner" name="feature" time="11.263"/>
</testsuite> <!-- com.cucumber.TestRunner.LoginRunner -->
