<?xml version="1.0" encoding="UTF-8"?>
<!-- Generated by org.testng.reporters.JUnitReportReporter -->
<testsuite hostname="DESKTOP-AJ3PD1C" failures="0" tests="1" name="com.cucumber.TestRunner.CreateQuestionRunner" time="12.787" errors="0" timestamp="1 Feb 2024 04:46:42 GMT">
  <testcase classname="com.cucumber.TestRunner.CreateQuestionRunner" name="feature" time="12.787"/>
</testsuite> <!-- com.cucumber.TestRunner.CreateQuestionRunner -->
