<?xml version="1.0" encoding="UTF-8"?>
<!-- Generated by org.testng.reporters.JUnitReportReporter -->
<testsuite hostname="DESKTOP-DSBT63E" failures="0" tests="1" name="com.cucumber.TestRunner.UserDashboardViewAllGenerationsRunner" time="19.830" errors="0" timestamp="12 Dec 2023 07:49:47 GMT">
  <testcase classname="com.cucumber.TestRunner.UserDashboardViewAllGenerationsRunner" name="feature" time="19.830"/>
</testsuite> <!-- com.cucumber.TestRunner.UserDashboardViewAllGenerationsRunner -->
