<?xml version="1.0" encoding="UTF-8"?>
<!-- Generated by org.testng.reporters.JUnitReportReporter -->
<testsuite hostname="DESKTOP-AJ3PD1C" failures="0" tests="1" name="com.cucumber.TestRunner.SearchQuestionRunner" time="21.164" errors="0" timestamp="23 Feb 2024 12:40:10 GMT">
  <testcase classname="com.cucumber.TestRunner.SearchQuestionRunner" name="feature" time="21.164"/>
</testsuite> <!-- com.cucumber.TestRunner.SearchQuestionRunner -->
