<?xml version="1.0" encoding="UTF-8"?>
<!-- Generated by org.testng.reporters.JUnitReportReporter -->
<testsuite hostname="DESKTOP-AJ3PD1C" failures="0" tests="1" name="com.cucumber.TestRunner.SearchQuestionRunner" time="30.206" errors="0" timestamp="10 Feb 2024 15:58:16 GMT">
  <testcase classname="com.cucumber.TestRunner.SearchQuestionRunner" name="feature" time="30.206"/>
</testsuite> <!-- com.cucumber.TestRunner.SearchQuestionRunner -->
