<?xml version="1.0" encoding="UTF-8"?>
<!-- Generated by org.testng.reporters.JUnitReportReporter -->
<testsuite hostname="DESKTOP-DSBT63E" failures="0" tests="1" name="com.cucumber.TestRunner.AdminAddCertificateTypeRunner" time="32.873" errors="0" timestamp="12 Dec 2023 11:18:53 GMT">
  <testcase classname="com.cucumber.TestRunner.AdminAddCertificateTypeRunner" name="feature" time="32.873"/>
</testsuite> <!-- com.cucumber.TestRunner.AdminAddCertificateTypeRunner -->
