<?xml version="1.0" encoding="UTF-8"?>
<!-- Generated by org.testng.reporters.JUnitReportReporter -->
<testsuite hostname="DESKTOP-AJ3PD1C" failures="0" tests="1" name="com.cucumber.TestRunner.CreateQuestionRunnerTest" time="13.729" errors="0" timestamp="1 Feb 2024 07:28:36 GMT">
  <testcase classname="com.cucumber.TestRunner.CreateQuestionRunnerTest" name="feature" time="13.729"/>
</testsuite> <!-- com.cucumber.TestRunner.CreateQuestionRunnerTest -->
