<?xml version="1.0" encoding="UTF-8"?>
<!-- Generated by org.testng.reporters.JUnitReportReporter -->
<testsuite hostname="DESKTOP-AJ3PD1C" failures="0" tests="1" name="com.cucumber.TestRunner.CreateQuestionRunner" time="17.646" errors="0" timestamp="31 Jan 2024 10:02:15 GMT">
  <testcase classname="com.cucumber.TestRunner.CreateQuestionRunner" name="feature" time="17.646"/>
</testsuite> <!-- com.cucumber.TestRunner.CreateQuestionRunner -->
