<?xml version="1.0" encoding="UTF-8"?>
<!-- Generated by org.testng.reporters.JUnitReportReporter -->
<testsuite hostname="DESKTOP-AJ3PD1C" failures="0" tests="1" name="com.cucumber.TestRunner.CreateQuestionRunner" time="28.918" errors="0" timestamp="22 Feb 2024 17:33:36 GMT">
  <testcase classname="com.cucumber.TestRunner.CreateQuestionRunner" name="feature" time="28.918"/>
</testsuite> <!-- com.cucumber.TestRunner.CreateQuestionRunner -->
