<?xml version="1.0" encoding="UTF-8"?>
<!-- Generated by org.testng.reporters.JUnitReportReporter -->
<testsuite hostname="DESKTOP-AJ3PD1C" failures="0" tests="1" name="com.cucumber.TestRunner.SearchQuestionRunner" time="22.856" errors="0" timestamp="11 Feb 2024 13:34:48 GMT">
  <testcase classname="com.cucumber.TestRunner.SearchQuestionRunner" name="feature" time="22.856"/>
</testsuite> <!-- com.cucumber.TestRunner.SearchQuestionRunner -->
