<?xml version="1.0" encoding="UTF-8"?>
<!-- Generated by org.testng.reporters.JUnitReportReporter -->
<testsuite hostname="DESKTOP-AJ3PD1C" failures="0" tests="1" name="com.cucumber.TestRunner.CreateQuestionRunner" time="23.976" errors="0" timestamp="31 Jan 2024 17:33:16 GMT">
  <testcase classname="com.cucumber.TestRunner.CreateQuestionRunner" name="feature" time="23.976"/>
</testsuite> <!-- com.cucumber.TestRunner.CreateQuestionRunner -->
