<?xml version="1.0" encoding="UTF-8"?>
<!-- Generated by org.testng.reporters.JUnitReportReporter -->
<testsuite hostname="DESKTOP-AJ3PD1C" failures="0" tests="1" name="com.cucumber.TestRunner.CreateQuestionRunner" time="39.043" errors="0" timestamp="11 Feb 2024 13:28:25 GMT">
  <testcase classname="com.cucumber.TestRunner.CreateQuestionRunner" name="feature" time="39.043"/>
</testsuite> <!-- com.cucumber.TestRunner.CreateQuestionRunner -->
